生成启动时间为 2019/6/7 17:46:23。
     1>项目“C:\Users\染小熙的小屋\documents\visual studio 2013\Projects\Ctest0607--语句\Ctest0607--语句\Ctest0607--语句.vcxproj”在节点 2 上(Build 个目标)。
     1>ClCompile:
         C:\Program Files (x86)\Microsoft Visual Studio 12.0\VC\bin\CL.exe /c /ZI /nologo /W3 /WX- /sdl /Od /Oy- /D _UNICODE /D UNICODE /Gm /EHsc /RTC1 /MDd /GS /fp:precise /Zc:wchar_t /Zc:forScope /Fo"Debug\\" /Fd"Debug\vc120.pdb" /Gd /TC /analyze- /errorReport:prompt "Ctest0607--语句.c"
         Ctest0607--语句.c
     1>c:\users\染小熙的小屋\documents\visual studio 2013\projects\ctest0607--语句\ctest0607--语句\ctest0607--语句.c(9): warning C4013: “strlen”未定义；假设外部返回 int
     1>c:\users\染小熙的小屋\documents\visual studio 2013\projects\ctest0607--语句\ctest0607--语句\ctest0607--语句.c(30): warning C4013: “system”未定义；假设外部返回 int
     1>c:\program files (x86)\microsoft visual studio 12.0\vc\include\stdlib.h(560): error C2375: “system”: 重定义；不同的链接
     1>c:\users\染小熙的小屋\documents\visual studio 2013\projects\ctest0607--语句\ctest0607--语句\ctest0607--语句.c(39): error C2084: 函数“int main()”已有主体
                 c:\users\染小熙的小屋\documents\visual studio 2013\projects\ctest0607--语句\ctest0607--语句\ctest0607--语句.c(4) : 参见“main”的前一个定义
     1>c:\users\染小熙的小屋\documents\visual studio 2013\projects\ctest0607--语句\ctest0607--语句\ctest0607--语句.c(45): warning C4013: “strcmp”未定义；假设外部返回 int
     1>已完成生成项目“C:\Users\染小熙的小屋\documents\visual studio 2013\Projects\Ctest0607--语句\Ctest0607--语句\Ctest0607--语句.vcxproj”(Build 个目标)的操作 - 失败。

生成失败。

已用时间 00:00:00.38
